# JRE version: OpenJDK Runtime Environment (21.0.5) (build 21.0.5+-12932927-b750.29)
# Java VM: OpenJDK 64-Bit Server VM (21.0.5+-12932927-b750.29, mixed mode, tiered, compressed oops, compressed class ptrs, g1 gc, windows-amd64)
GC Precious Log:
 CardTable entry size: 512
 Card Set container configuration: InlinePtr #cards 5 size 8 Array Of Cards #cards 12 size 40 Howl #buckets 4 coarsen threshold 1843 Howl Bitmap #cards 512 size 80 coarsen threshold 460 Card regions per heap region 1 cards per card region 2048
 CPUs: 8 total, 8 available
 Memory: 7413M
 Large Page Support: Disabled
 NUMA Support: Disabled
 Compressed Oops: Enabled (32-bit)
 Heap Region Size: 1M
 Heap Min Capacity: 8M
 Heap Initial Capacity: 116M
 Heap Max Capacity: 2G
 Pre-touch: Disabled
 Parallel Workers: 8
 Concurrent Workers: 2
 Concurrent Refinement Workers: 8
 Periodic GC: Disabled
Heap:
 garbage-first heap   total 423936K, used 190375K [0x0000000080000000, 0x0000000100000000)
  region size 1024K, 13 young (13312K), 13 survivors (13312K)
 Metaspace       used 189768K, committed 191488K, reserved 1245184K
  class space    used 23308K, committed 24192K, reserved 1048576K
GC Heap History (20 events):
Event: 21391.401 GC heap after
{Heap after GC invocations=262 (full 1):
 garbage-first heap   total 423936K, used 141806K [0x0000000080000000, 0x0000000100000000)
  region size 1024K, 6 young (6144K), 6 survivors (6144K)
 Metaspace       used 188835K, committed 190784K, reserved 1245184K
  class space    used 23228K, committed 24128K, reserved 1048576K
}
Event: 21451.582 GC heap before
{Heap before GC invocations=262 (full 1):
 garbage-first heap   total 423936K, used 279022K [0x0000000080000000, 0x0000000100000000)
  region size 1024K, 141 young (144384K), 6 survivors (6144K)
 Metaspace       used 189200K, committed 190912K, reserved 1245184K
  class space    used 23273K, committed 24128K, reserved 1048576K
}
Event: 21451.941 GC heap after
{Heap after GC invocations=263 (full 1):
 garbage-first heap   total 423936K, used 145640K [0x0000000080000000, 0x0000000100000000)
  region size 1024K, 9 young (9216K), 9 survivors (9216K)
 Metaspace       used 189200K, committed 190912K, reserved 1245184K
  class space    used 23273K, committed 24128K, reserved 1048576K
}
Event: 21456.608 GC heap before
{Heap before GC invocations=264 (full 1):
 garbage-first heap   total 423936K, used 192744K [0x0000000080000000, 0x0000000100000000)
  region size 1024K, 49 young (50176K), 9 survivors (9216K)
 Metaspace       used 189471K, committed 191168K, reserved 1245184K
  class space    used 23296K, committed 24128K, reserved 1048576K
}
Event: 21456.666 GC heap after
{Heap after GC invocations=265 (full 1):
 garbage-first heap   total 423936K, used 162176K [0x0000000080000000, 0x0000000100000000)
  region size 1024K, 7 young (7168K), 7 survivors (7168K)
 Metaspace       used 189471K, committed 191168K, reserved 1245184K
  class space    used 23296K, committed 24128K, reserved 1048576K
}
Event: 21457.625 GC heap before
{Heap before GC invocations=265 (full 1):
 garbage-first heap   total 423936K, used 204160K [0x0000000080000000, 0x0000000100000000)
  region size 1024K, 48 young (49152K), 7 survivors (7168K)
 Metaspace       used 189570K, committed 191296K, reserved 1245184K
  class space    used 23298K, committed 24192K, reserved 1048576K
}
Event: 21457.639 GC heap after
{Heap after GC invocations=266 (full 1):
 garbage-first heap   total 423936K, used 161662K [0x0000000080000000, 0x0000000100000000)
  region size 1024K, 6 young (6144K), 6 survivors (6144K)
 Metaspace       used 189570K, committed 191296K, reserved 1245184K
  class space    used 23298K, committed 24192K, reserved 1048576K
}
Event: 21458.892 GC heap before
{Heap before GC invocations=266 (full 1):
 garbage-first heap   total 423936K, used 305022K [0x0000000080000000, 0x0000000100000000)
  region size 1024K, 141 young (144384K), 6 survivors (6144K)
 Metaspace       used 189685K, committed 191424K, reserved 1245184K
  class space    used 23311K, committed 24192K, reserved 1048576K
}
Event: 21458.916 GC heap after
{Heap after GC invocations=267 (full 1):
 garbage-first heap   total 423936K, used 159947K [0x0000000080000000, 0x0000000100000000)
  region size 1024K, 4 young (4096K), 4 survivors (4096K)
 Metaspace       used 189685K, committed 191424K, reserved 1245184K
  class space    used 23311K, committed 24192K, reserved 1048576K
}
Event: 21459.003 GC heap before
{Heap before GC invocations=267 (full 1):
 garbage-first heap   total 423936K, used 160971K [0x0000000080000000, 0x0000000100000000)
  region size 1024K, 6 young (6144K), 4 survivors (4096K)
 Metaspace       used 189685K, committed 191424K, reserved 1245184K
  class space    used 23311K, committed 24192K, reserved 1048576K
}
Event: 21459.012 GC heap after
{Heap after GC invocations=268 (full 1):
 garbage-first heap   total 423936K, used 160639K [0x0000000080000000, 0x0000000100000000)
  region size 1024K, 5 young (5120K), 5 survivors (5120K)
 Metaspace       used 189685K, committed 191424K, reserved 1245184K
  class space    used 23311K, committed 24192K, reserved 1048576K
}
Event: 22062.598 GC heap before
{Heap before GC invocations=269 (full 1):
 garbage-first heap   total 423936K, used 326527K [0x0000000080000000, 0x0000000100000000)
  region size 1024K, 128 young (131072K), 5 survivors (5120K)
 Metaspace       used 189707K, committed 191424K, reserved 1245184K
  class space    used 23307K, committed 24192K, reserved 1048576K
}
Event: 22063.231 GC heap after
{Heap after GC invocations=270 (full 1):
 garbage-first heap   total 423936K, used 171211K [0x0000000080000000, 0x0000000100000000)
  region size 1024K, 15 young (15360K), 15 survivors (15360K)
 Metaspace       used 189707K, committed 191424K, reserved 1245184K
  class space    used 23307K, committed 24192K, reserved 1048576K
}
Event: 22065.249 GC heap before
{Heap before GC invocations=270 (full 1):
 garbage-first heap   total 423936K, used 199883K [0x0000000080000000, 0x0000000100000000)
  region size 1024K, 44 young (45056K), 15 survivors (15360K)
 Metaspace       used 189707K, committed 191424K, reserved 1245184K
  class space    used 23307K, committed 24192K, reserved 1048576K
}
Event: 22065.372 GC heap after
{Heap after GC invocations=271 (full 1):
 garbage-first heap   total 423936K, used 174229K [0x0000000080000000, 0x0000000100000000)
  region size 1024K, 4 young (4096K), 4 survivors (4096K)
 Metaspace       used 189707K, committed 191424K, reserved 1245184K
  class space    used 23307K, committed 24192K, reserved 1048576K
}
Event: 22250.614 GC heap before
{Heap before GC invocations=271 (full 1):
 garbage-first heap   total 423936K, used 308373K [0x0000000080000000, 0x0000000100000000)
  region size 1024K, 98 young (100352K), 4 survivors (4096K)
 Metaspace       used 189745K, committed 191424K, reserved 1245184K
  class space    used 23308K, committed 24192K, reserved 1048576K
}
Event: 22250.825 GC heap after
{Heap after GC invocations=272 (full 1):
 garbage-first heap   total 423936K, used 176183K [0x0000000080000000, 0x0000000100000000)
  region size 1024K, 6 young (6144K), 6 survivors (6144K)
 Metaspace       used 189745K, committed 191424K, reserved 1245184K
  class space    used 23308K, committed 24192K, reserved 1048576K
}
Event: 22252.500 GC heap before
{Heap before GC invocations=272 (full 1):
 garbage-first heap   total 423936K, used 205879K [0x0000000080000000, 0x0000000100000000)
  region size 1024K, 36 young (36864K), 6 survivors (6144K)
 Metaspace       used 189748K, committed 191424K, reserved 1245184K
  class space    used 23308K, committed 24192K, reserved 1048576K
}
Event: 22252.579 GC heap after
{Heap after GC invocations=273 (full 1):
 garbage-first heap   total 423936K, used 179500K [0x0000000080000000, 0x0000000100000000)
  region size 1024K, 4 young (4096K), 4 survivors (4096K)
 Metaspace       used 189748K, committed 191424K, reserved 1245184K
  class space    used 23308K, committed 24192K, reserved 1048576K
}
Event: 22262.943 GC heap before
{Heap before GC invocations=273 (full 1):
 garbage-first heap   total 423936K, used 277804K [0x0000000080000000, 0x0000000100000000)
  region size 1024K, 100 young (102400K), 4 survivors (4096K)
 Metaspace       used 189768K, committed 191488K, reserved 1245184K
  class space    used 23308K, committed 24192K, reserved 1048576K
}

